********************************************************************************
PACKAGE-LOG: 2016-05-30 13:04:44
NOTICE: Do NOT post to public sites or forums 
********************************************************************************
VERSION:	1.1.6
WORDPRESS:	4.5.2
PHP INFO:	5.4.4-14+deb7u10 | SAPI: apache2handler
SERVER:		Apache/2.2.22 (Debian) 
PHP TIME LIMIT: (0) no time limit imposed 
PHP MAX MEMORY: 5000M (128M default) 
MEMORY STACK: 40.25MB 

********************************************************************************
DATABASE:
********************************************************************************
BUILD MODE:   PHP(query limit - 100)
MYSQLTIMEOUT: 5000
MYSQLDUMP:    Is Supported 
TABLES: total:33 | filtered:0 | create:33 
FILTERED: [] 
SQL CREATED: 20160530_wordpress_574c3a248902f9188160530130332_database.sql 
SQL FILE SIZE: 699.67KB (716464) 
SQL FILE TIME: 2016-05-30 13:04:45 
SQL RUNTIME: 0.11 sec. 

******************************************************************************** 
ARCHIVE (ZIP): 
******************************************************************************** 
ARCHIVE DIR:  /var/www/project/src/public 
ARCHIVE FILE: 20160530_wordpress_574c3a248902f9188160530130332_archive.zip 
FILTERS: *OFF* 
DIRS:  not set 
EXTS:  not set 
---------------------------------------- 
COMPRESSING 
SIZE:	29.69MB 
STATS:	Dirs 192 | Files 2,065 
SQL ADDED: 20160530_wordpress_574c3a248902f9188160530130332_database.sql 
ZipArchive Object
(
    [status] => 0
    [statusSys] => 0
    [numFiles] => 2257
    [filename] => /var/www/project/src/public/wp-snapshots/tmp/20160530_wordpress_574c3a248902f9188160530130332_archive.zip
    [comment] => 
)
 
COMPRESSION RESULT: '1' 
COMPRESSED SIZE: 11.73MB 
ARCHIVE RUNTIME: 6.75 sec. 
MEMORY STACK: 41.25MB 

******************************************************************************** 
MAKE INSTALLER: 
******************************************************************************** 
Build Start 
Build Finished 
Preping for use 
Template parsed with new data 
Complete [/var/www/project/src/public/wp-snapshots/tmp/20160530_wordpress_574c3a248902f9188160530130332_installer.php] 
Added to archive 

******************************************************************************** 
INTEGRITY CHECKS: 
******************************************************************************** 
SQL File: 699.67KB 
Installer File: 319.25KB 
Archive File: 11.73MB  

********************************************************************************
RECORD ID:[1]
TOTAL PROCESS RUNTIME: 7.52 sec.
PEAK PHP MEMORY USED: 44.25MB
DONE PROCESSING => 20160530_wordpress 2016-05-30 13:04:52
 
